<?xml version="1.0" encoding="UTF-8"?>
<!-- Generated by org.testng.reporters.JUnitReportReporter -->
<testsuite hostname="DESKTOP-INF5TLD" failures="0" tests="1" name="com.inetBankingV1.TestCases.TC_EditCustomer_004" time="8.898" errors="0" timestamp="2023-06-30T17:01:56 IST" skipped="0">
  <testcase classname="com.inetBankingV1.TestCases.TC_EditCustomer_004" name="editCustomer" time="8.898"/>
  <system-out/>
</testsuite> <!-- com.inetBankingV1.TestCases.TC_EditCustomer_004 -->
