<?xml version="1.0" encoding="UTF-8"?>
<!-- Generated by org.testng.reporters.JUnitReportReporter -->
<testsuite hostname="DESKTOP-INF5TLD" failures="0" tests="1" name="com.inetBankingV1.TestCases.TC_AddCustomerTest_003" time="18.134" errors="0" timestamp="2023-06-30T17:01:56 IST" skipped="0">
  <testcase classname="com.inetBankingV1.TestCases.TC_AddCustomerTest_003" name="addNewCustomer" time="18.134"/>
  <system-out/>
</testsuite> <!-- com.inetBankingV1.TestCases.TC_AddCustomerTest_003 -->
