<?xml version="1.0" encoding="UTF-8"?>
<!-- Generated by org.testng.reporters.JUnitReportReporter -->
<testsuite hostname="DESKTOP-INF5TLD" failures="0" tests="1" name="com.inetBankingV1.TestCases.TC_LoginTest_001" time="14.167" errors="0" timestamp="2023-06-30T17:01:56 IST" skipped="0">
  <testcase classname="com.inetBankingV1.TestCases.TC_LoginTest_001" name="loginTest" time="14.167"/>
  <system-out/>
</testsuite> <!-- com.inetBankingV1.TestCases.TC_LoginTest_001 -->
